<?xml version="1.0" encoding="UTF-8"?>
<!-- Generated by org.testng.reporters.JUnitReportReporter -->
<testsuite hostname="DESKTOP-MQ9KKGC" failures="0" tests="1" name="SampleProjectTest.SampleprojectTest" time="0.467" errors="0" timestamp="2022-05-30T17:46:21 IST" skipped="0">
  <testcase classname="SampleProjectTest.SampleprojectTest" name="testName" time="0.467"/>
  <system-out>
    <![CDATA[Heyyy
Heyy-Heyyy
Heyyy-Heyyy-Heyyy
Byyeee]]>
  </system-out>
</testsuite> <!-- SampleProjectTest.SampleprojectTest -->
